\BOOKMARK [0][]{Cover.0}{Report}{}% 1
\BOOKMARK [1][]{index.1}{Table of Contents}{Cover.0}% 2
\BOOKMARK [1][]{section*.2}{List of Figures}{Cover.0}% 3
\BOOKMARK [1][]{section*.3}{List of Tables}{Cover.0}% 4
\BOOKMARK [1][]{section.1}{Introduction}{Cover.0}% 5
\BOOKMARK [1][]{section.2}{Improved Arithmetic Cores}{Cover.0}% 6
\BOOKMARK [1][]{section.3}{Multiplier}{Cover.0}% 7
\BOOKMARK [2][]{subsection.3.1}{Wallace Tree Multiplier}{section.3}% 8
\BOOKMARK [2][]{subsection.3.2}{Advantages and Disadvantages}{section.3}% 9
\BOOKMARK [2][]{subsection.3.3}{Implementation and Simulation Results}{section.3}% 10
\BOOKMARK [1][]{section.4}{Divider}{Cover.0}% 11
\BOOKMARK [1][]{section.5}{Results}{Cover.0}% 12
\BOOKMARK [2][]{subsection.5.1}{Synthesis}{section.5}% 13
\BOOKMARK [2][]{subsection.5.2}{Benchmark Scores}{section.5}% 14
\BOOKMARK [2][]{subsection.5.3}{Metrics Comparison}{section.5}% 15
\BOOKMARK [1][]{section.6}{Conclusions and further improvements}{Cover.0}% 16
\BOOKMARK [1][]{appendix.A}{Baseline}{Cover.0}% 17
\BOOKMARK [2][]{subsection.A.1}{Dhrystone report}{appendix.A}% 18
\BOOKMARK [1][]{appendix.B}{Improved Version}{Cover.0}% 19
\BOOKMARK [2][]{subsection.B.1}{Dhrystone report}{appendix.B}% 20
