Creating log file
/home/nuno/repos/pdp/grlib-gpl-1.1.0-b4104/designs/leon3-xilinx-ml410/leon3mp_xp
a.log.
Loading device for application Rf_Device from file '4vfx60.nph' in environment
/usr/local/Xilinx/14.2/ISE_DS/ISE/.
   "leon3mp" is an NCD, version 3.2, device xc4vfx60, package ff1152, speed -11
This design is using the default stepping level (major silicon revision) for
this device (0). Unless your design is targeted at devices of this stepping
level, it is recommended that you explicitly specify the stepping level of the
parts you will be using. This will allow the tools to take advantage of any
available performance and functional enhancements for this device. The latest
stepping level for this device is '1'. Additional information on "stepping
level" is available at support.xilinx.com.

INFO:Power:1693 - 
   --------------------------------------------------------------
                         The power estimate will be calculated using PRODUCTION
   data.
   --------------------------------------------------------------

Design load 20% completeDesign load 25% completeDesign load 30% completeDesign load 60% completeDesign load 95% completeDesign load 100% completeRunning Vector-less Activity Propagation
............
Finished Running Vector-less Activity Propagation
Finished Running Vector-less Activity Propagation 10 secs 
WARNING:Power:1337 - Clock frequency for clock net
   "DCM_AUTOCALIBRATION_clkgen0/xc2v.v/dll0/clkgen0/xc2v.v/dll0/CLKOUT" is zero.
WARNING:Power:1337 - Clock frequency for clock net
   "DCM_AUTOCALIBRATION_clkgen0/xc2v.v/dll0/clkgen0/xc2v.v/dll0/FASTCLK" is
   zero.
WARNING:Power:1337 - Clock frequency for clock net
   "DCM_AUTOCALIBRATION_clkgen0/xc2v.v/dll0/clkgen0/xc2v.v/dll0/cd/CLK<1>" is
   zero.
WARNING:Power:1337 - Clock frequency for clock net
   "DCM_AUTOCALIBRATION_clkgen0/xc2v.v/dll0/clkgen0/xc2v.v/dll0/cd/CLK<2>" is
   zero.
WARNING:Power:1337 - Clock frequency for clock net
   "DCM_AUTOCALIBRATION_clkgen0/xc2v.v/dll0/clkgen0/xc2v.v/dll0/cd/CLK<3>" is
   zero.
WARNING:Power:1337 - Clock frequency for clock net
   "DCM_AUTOCALIBRATION_clkgen0/xc2v.v/dll0/clkgen0/xc2v.v/dll0/cd/CLK<4>" is
   zero.
WARNING:Power:1337 - Clock frequency for clock net
   "DCM_AUTOCALIBRATION_clkgen0/xc2v.v/dll0/clkgen0/xc2v.v/dll0/cd/CLK<5>" is
   zero.
WARNING:Power:1337 - Clock frequency for clock net
   "DCM_AUTOCALIBRATION_clkgen0/xc2v.v/dll0/clkgen0/xc2v.v/dll0/cd/CLK<6>" is
   zero.
WARNING:Power:1337 - Clock frequency for clock net
   "DCM_AUTOCALIBRATION_clkgen0/xc2v.v/sd0.dll1/clkgen0/xc2v.v/sd0.dll1/CLKOUT"
   is zero.
WARNING:Power:1337 - Clock frequency for clock net
   "DCM_AUTOCALIBRATION_clkgen0/xc2v.v/sd0.dll1/clkgen0/xc2v.v/sd0.dll1/FASTCLK"
   is zero.
WARNING:Power:1337 - Clock frequency for clock net
   "DCM_AUTOCALIBRATION_clkgen0/xc2v.v/sd0.dll1/clkgen0/xc2v.v/sd0.dll1/cd/CLK<1
   >" is zero.
WARNING:Power:1337 - Clock frequency for clock net
   "DCM_AUTOCALIBRATION_clkgen0/xc2v.v/sd0.dll1/clkgen0/xc2v.v/sd0.dll1/cd/CLK<2
   >" is zero.
WARNING:Power:1337 - Clock frequency for clock net
   "DCM_AUTOCALIBRATION_clkgen0/xc2v.v/sd0.dll1/clkgen0/xc2v.v/sd0.dll1/cd/CLK<3
   >" is zero.
WARNING:Power:1337 - Clock frequency for clock net
   "DCM_AUTOCALIBRATION_clkgen0/xc2v.v/sd0.dll1/clkgen0/xc2v.v/sd0.dll1/cd/CLK<4
   >" is zero.
WARNING:Power:1337 - Clock frequency for clock net
   "DCM_AUTOCALIBRATION_clkgen0/xc2v.v/sd0.dll1/clkgen0/xc2v.v/sd0.dll1/cd/CLK<5
   >" is zero.
WARNING:Power:1337 - Clock frequency for clock net
   "DCM_AUTOCALIBRATION_clkgen0/xc2v.v/sd0.dll1/clkgen0/xc2v.v/sd0.dll1/cd/CLK<6
   >" is zero.
WARNING:Power:1337 - Clock frequency for clock net
   "DCM_AUTOCALIBRATION_ddrsp0.ddrc0/ddr_phy0/ddr_phy0/xc4v.ddr_phy0/dll/ddrsp0.
   ddrc0/ddr_phy0/ddr_phy0/xc4v.ddr_phy0/dll/CLKOUT" is zero.
WARNING:Power:1337 - Clock frequency for clock net
   "DCM_AUTOCALIBRATION_ddrsp0.ddrc0/ddr_phy0/ddr_phy0/xc4v.ddr_phy0/dll/ddrsp0.
   ddrc0/ddr_phy0/ddr_phy0/xc4v.ddr_phy0/dll/FASTCLK" is zero.
WARNING:Power:1337 - Clock frequency for clock net
   "DCM_AUTOCALIBRATION_ddrsp0.ddrc0/ddr_phy0/ddr_phy0/xc4v.ddr_phy0/dll/ddrsp0.
   ddrc0/ddr_phy0/ddr_phy0/xc4v.ddr_phy0/dll/cd/CLK<1>" is zero.
WARNING:Power:1337 - Clock frequency for clock net
   "DCM_AUTOCALIBRATION_ddrsp0.ddrc0/ddr_phy0/ddr_phy0/xc4v.ddr_phy0/dll/ddrsp0.
   ddrc0/ddr_phy0/ddr_phy0/xc4v.ddr_phy0/dll/cd/CLK<2>" is zero.
WARNING:Power:1337 - Clock frequency for clock net
   "DCM_AUTOCALIBRATION_ddrsp0.ddrc0/ddr_phy0/ddr_phy0/xc4v.ddr_phy0/dll/ddrsp0.
   ddrc0/ddr_phy0/ddr_phy0/xc4v.ddr_phy0/dll/cd/CLK<3>" is zero.
WARNING:Power:1337 - Clock frequency for clock net
   "DCM_AUTOCALIBRATION_ddrsp0.ddrc0/ddr_phy0/ddr_phy0/xc4v.ddr_phy0/dll/ddrsp0.
   ddrc0/ddr_phy0/ddr_phy0/xc4v.ddr_phy0/dll/cd/CLK<4>" is zero.
WARNING:Power:1337 - Clock frequency for clock net
   "DCM_AUTOCALIBRATION_ddrsp0.ddrc0/ddr_phy0/ddr_phy0/xc4v.ddr_phy0/dll/ddrsp0.
   ddrc0/ddr_phy0/ddr_phy0/xc4v.ddr_phy0/dll/cd/CLK<5>" is zero.
WARNING:Power:1337 - Clock frequency for clock net
   "DCM_AUTOCALIBRATION_ddrsp0.ddrc0/ddr_phy0/ddr_phy0/xc4v.ddr_phy0/dll/ddrsp0.
   ddrc0/ddr_phy0/ddr_phy0/xc4v.ddr_phy0/dll/cd/CLK<6>" is zero.
WARNING:Power:1337 - Clock frequency for clock net
   "DCM_AUTOCALIBRATION_ddrsp0.ddrc0/ddr_phy0/ddr_phy0/xc4v.ddr_phy0/nops.read_d
   ll/ddrsp0.ddrc0/ddr_phy0/ddr_phy0/xc4v.ddr_phy0/nops.read_dll/CLKOUT" is
   zero.
WARNING:Power:1337 - Clock frequency for clock net
   "DCM_AUTOCALIBRATION_ddrsp0.ddrc0/ddr_phy0/ddr_phy0/xc4v.ddr_phy0/nops.read_d
   ll/ddrsp0.ddrc0/ddr_phy0/ddr_phy0/xc4v.ddr_phy0/nops.read_dll/FASTCLK" is
   zero.
WARNING:Power:1337 - Clock frequency for clock net
   "DCM_AUTOCALIBRATION_ddrsp0.ddrc0/ddr_phy0/ddr_phy0/xc4v.ddr_phy0/nops.read_d
   ll/ddrsp0.ddrc0/ddr_phy0/ddr_phy0/xc4v.ddr_phy0/nops.read_dll/cd/CLK<1>" is
   zero.
WARNING:Power:1337 - Clock frequency for clock net
   "DCM_AUTOCALIBRATION_ddrsp0.ddrc0/ddr_phy0/ddr_phy0/xc4v.ddr_phy0/nops.read_d
   ll/ddrsp0.ddrc0/ddr_phy0/ddr_phy0/xc4v.ddr_phy0/nops.read_dll/cd/CLK<2>" is
   zero.
WARNING:Power:1337 - Clock frequency for clock net
   "DCM_AUTOCALIBRATION_ddrsp0.ddrc0/ddr_phy0/ddr_phy0/xc4v.ddr_phy0/nops.read_d
   ll/ddrsp0.ddrc0/ddr_phy0/ddr_phy0/xc4v.ddr_phy0/nops.read_dll/cd/CLK<3>" is
   zero.
WARNING:Power:1337 - Clock frequency for clock net
   "DCM_AUTOCALIBRATION_ddrsp0.ddrc0/ddr_phy0/ddr_phy0/xc4v.ddr_phy0/nops.read_d
   ll/ddrsp0.ddrc0/ddr_phy0/ddr_phy0/xc4v.ddr_phy0/nops.read_dll/cd/CLK<4>" is
   zero.
WARNING:Power:1337 - Clock frequency for clock net
   "DCM_AUTOCALIBRATION_ddrsp0.ddrc0/ddr_phy0/ddr_phy0/xc4v.ddr_phy0/nops.read_d
   ll/ddrsp0.ddrc0/ddr_phy0/ddr_phy0/xc4v.ddr_phy0/nops.read_dll/cd/CLK<5>" is
   zero.
WARNING:Power:1337 - Clock frequency for clock net
   "DCM_AUTOCALIBRATION_ddrsp0.ddrc0/ddr_phy0/ddr_phy0/xc4v.ddr_phy0/nops.read_d
   ll/ddrsp0.ddrc0/ddr_phy0/ddr_phy0/xc4v.ddr_phy0/nops.read_dll/cd/CLK<6>" is
   zero.
WARNING:Power:1337 - Clock frequency for clock net "clkace" is zero.
WARNING:Power:1337 - Clock frequency for clock net "clkgen0/xc2v.v/clk0B" is
   zero.
WARNING:Power:1337 - Clock frequency for clock net "clkgen0/xc2v.v/clk_j" is
   zero.
WARNING:Power:1337 - Clock frequency for clock net "clkml" is zero.
WARNING:Power:1337 - Clock frequency for clock net
   "ddrsp0.ddrc0/ddr_phy0/ddr_phy0/xc4v.ddr_phy0/clk_0r" is zero.
WARNING:Power:1337 - Clock frequency for clock net
   "ddrsp0.ddrc0/ddr_phy0/ddr_phy0/xc4v.ddr_phy0/clk_0ro" is zero.
WARNING:Power:1337 - Clock frequency for clock net
   "ddrsp0.ddrc0/ddr_phy0/ddr_phy0/xc4v.ddr_phy0/clk_270ro" is zero.
WARNING:Power:1337 - Clock frequency for clock net
   "ddrsp0.ddrc0/ddr_phy0/ddr_phy0/xc4v.ddr_phy0/rclk0" is zero.
WARNING:Power:1337 - Clock frequency for clock net
   "ddrsp0.ddrc0/ddr_phy0/ddr_phy0/xc4v.ddr_phy0/rclk90" is zero.
WARNING:Power:1337 - Clock frequency for clock net "eth1.erxc_pad/xcv2.u0/ol" is
   zero.
WARNING:Power:1337 - Clock frequency for clock net "eth1.etxc_pad/xcv2.u0/ol" is
   zero.
WARNING:Power:1337 - Clock frequency for clock net "ethi_rx_clk" is zero.
WARNING:Power:1337 - Clock frequency for clock net "ethi_tx_clk" is zero.
WARNING:Power:1337 - Clock frequency for clock net
   "l3.cpu[0].u0/p0/mgen.div0/addin1x_not0001" is zero.
WARNING:Power:1337 - Clock frequency for clock net "srclkl" is zero.
WARNING:Power:1369 - Clock frequency for one or more clocks was not found
   through
   timing constraints (PCF file) or simulation data.  Without knowing the
   clock frequency of all clocks, dynamic power information for those clock
   domains will default to zero which may under-estimate the power for this
   design.  To avoid this warning, provide at least one of the following:
     1. The proper timing constraints (PERIOD) for clocks (re-implement design
        and load the newly generated PCF file into XPower Analyzer)
     2. A post PAR simulation-generated VCD or SAIF file indicating clock
        frequencies
     3. The clock frequency for clocks in the "By Type -> Clocks" view in the
        XPower Analyzer GUI and then applying "Update Power Analysis"

Design 'leon3mp.ncd' and constraints 'leon3mp.pcf' opened successfully

