#-----------------------------------------------------------
# PlanAhead v14.2 (64-bit)
# Build 194362 by xbuild on Fri Jul 20 18:49:25 MDT 2012
# Start of session at: Tue Jun 18 20:02:07 2013
# Process ID: 9057
# Log file: /home/nuno/repos/pdp/grlib-gpl-1.1.0-b4104/designs/leon3-xilinx-ml410/planAhead_run_1/planAhead.log
# Journal file: /home/nuno/repos/pdp/grlib-gpl-1.1.0-b4104/designs/leon3-xilinx-ml410/planAhead_run_1/planAhead.jou
#-----------------------------------------------------------
INFO: [Common 17-78] Attempting to get a license: PlanAhead
INFO: [Common 17-290] Got license for PlanAhead
INFO: [Common 17-86] Your PlanAhead license expires in -199 day(s)
INFO: [Device 21-36] Loading parts and site information from /usr/local/Xilinx/14.2/ISE_DS/PlanAhead/data/parts/arch.xml
Parsing RTL primitives file [/usr/local/Xilinx/14.2/ISE_DS/PlanAhead/data/parts/xilinx/rtl/prims/rtl_prims.xml]
Finished parsing RTL primitives file [/usr/local/Xilinx/14.2/ISE_DS/PlanAhead/data/parts/xilinx/rtl/prims/rtl_prims.xml]
start_gui
source /home/nuno/repos/pdp/grlib-gpl-1.1.0-b4104/designs/leon3-xilinx-ml410/pa.fromNcd.tcl
# create_project -name leon3mp -dir "/home/nuno/repos/pdp/grlib-gpl-1.1.0-b4104/designs/leon3-xilinx-ml410/planAhead_run_1" -part xc4vfx60ff1152-11
Parsing template File [/usr/local/Xilinx/14.2/ISE_DS/ISE/data/projnav/templates/verilog.xml].
Finished parsing template File [/usr/local/Xilinx/14.2/ISE_DS/ISE/data/projnav/templates/verilog.xml].
Parsing template File [/usr/local/Xilinx/14.2/ISE_DS/ISE/data/projnav/templates/vhdl.xml].
Finished parsing template File [/usr/local/Xilinx/14.2/ISE_DS/ISE/data/projnav/templates/vhdl.xml].
Parsing template File [/usr/local/Xilinx/14.2/ISE_DS/ISE/data/projnav/templates/ucf.xml].
Finished parsing template File [/usr/local/Xilinx/14.2/ISE_DS/ISE/data/projnav/templates/ucf.xml].
create_project: Time (s): cpu = 00:00:09 ; elapsed = 00:00:11 . Memory (MB): peak = 2633.500 ; gain = 36.988
# set srcset [get_property srcset [current_run -impl]]
# set_property design_mode GateLvl $srcset
# set_property edif_top_file "/home/nuno/repos/pdp/grlib-gpl-1.1.0-b4104/designs/leon3-xilinx-ml410/leon3mp.ngc" [ get_property srcset [ current_run ] ]
# add_files -norecurse { {/home/nuno/repos/pdp/grlib-gpl-1.1.0-b4104/designs/leon3-xilinx-ml410} {../../netlists/xilinx/Virtex4} }
ERROR: [PlanAhead 12-172] File or Directory '../../netlists/xilinx/Virtex4' does not exist
exit
INFO: [Common 17-206] Exiting PlanAhead...
INFO: [Common 17-83] Releasing license: PlanAhead
