 GRMON2 LEON debug monitor v2.0.39 eval version
 
  Copyright (C) 2013 Aeroflex Gaisler - All rights reserved.
  For latest updates, go to http://www.gaisler.com/
  Comments or bug-reports to support@gaisler.com
 
  This evaluation version will expire on 27/12/2013
 
Xilusb: Cable type/rev : 0x3
JTAG chain (2): xc4vfx60 xccace
  Warning: Failed to call Tcl_Init. Some TCL functions won't be working properly
 
           To avoid this warning, see Installation section in the manual about
          the environment variable GRMON_SHARE
  Warning: Failed to call Tcl_Init. Some TCL functions won't be working properly
 
           To avoid this warning, see Installation section in the manual about
          the environment variable GRMON_SHARE
 Device ID:           0x410
  GRLIB build version: 4104
  Detected frequency:  80 MHz
 
  Component                            Vendor
  LEON3 SPARC V8 Processor             Aeroflex Gaisler
  AHB Debug UART                       Aeroflex Gaisler
  JTAG Debug Link                      Aeroflex Gaisler
  GR Ethernet MAC                      Aeroflex Gaisler
  Single-port DDR266 controller        Aeroflex Gaisler
  AHB/APB Bridge                       Aeroflex Gaisler
  LEON3 Debug Support Unit             Aeroflex Gaisler
  LEON2 Memory Controller              European Space Agency
  System ACE I/F Controller            Aeroflex Gaisler
  Generic UART                         Aeroflex Gaisler
  Multi-processor Interrupt Ctrl.      Aeroflex Gaisler
  Modular Timer Unit                   Aeroflex Gaisler
  General Purpose I/O port             Aeroflex Gaisler
  AHB Status Register                  Aeroflex Gaisler
 
  Use command 'info sys' to print a detailed report of attached cores
 
grmon2> load linux-2.6.dsu
  40000000 .stage2                   10.0kB /  10.0kB   [===============>] 100%
  40004000 .vmlinux                   1.3MB /   1.3MB   [===============>] 100%
  Total size: 1.26MB (1.52Mbit/s)
  Entry point 0x40000000
  Image D:/Processor_Design/fpga_server/Commands/fpgarun/linux-2.6.dsu loaded
 
grmon2> run
Booting Linux
Booting Linux...
PROMLIB: Sun Boot Prom Version 0 Revision 0
Linux version 2.6.21.1 (xuhuai@xuhuai-VirtualBox) (gcc version 3.4.4) #2 Mon Feb
4 16:01:04 CET 2013
ARCH: LEON
TYPE: Leon2/3 System-on-a-Chip
Ethernet address: 0:0:0:0:0:0
CACHE: 2-way associative cache, set size 4k
Boot time fixup v1.6. 4/Mar/98 Jakub Jelinek (jj@ultra.linux.cz). Patching kerne
l for srmmu[Leon2]/iommu
Nocache: 0xfc000000-0xfc100000, 256 pages [128-1280]
node 2: /cpu00 (type:cpu) (props:.node device_type mid mmu-nctx clock-frequency
uart1_baud uart2_baud )
node 3: /a: (type:serial) (props:.node device_type name )
node 4: /ambapp0 (type:ambapp) (props:.node device_type name )
PROM: Built device tree from rootnode 1 with 1478 bytes of memory.
DEBUG: psr.impl = 0xf  fsr.vers = 0x7
Built 1 zonelists.  Total pages: 15905
Kernel command line: console=ttyS0,38400 root=254:2 rw rdinit=/sbin/init
PID hash table entries: 256 (order: 8, 1024 bytes)
Todo: init master_l10_counter
Attaching grlib apbuart serial drivers (clk:80hz):
Console: colour dummy device 80x25
Dentry cache hash table entries: 8192 (order: 3, 32768 bytes)
Inode-cache hash table entries: 4096 (order: 2, 16384 bytes)
pkbase: 0xfc800000 pkend: 0xfcc00000 fixstart 0xfcff1000
Memory: 62464k/65536k available (1056k kernel code, 3004k reserved, 128k data, 9
2k init, 0k highmem)
Mount-cache hash table entries: 512
leon: power management initialized
io scheduler noop registered
io scheduler cfq registered (default)
grlib apbuart: 1 serial driver(s) at [0x80000100(irq 2)]
grlib apbuart: system frequency: 80000 khz, baud rates: 38400 38400
ttyS0 at MMIO 0x80000100 (irq = 2) is a Leon
RAMDISK driver initialized: 16 RAM disks of 4096K size 1024 blocksize
loop: loaded (max 8 devices)
xsysace xsysace.0: Xilinx SystemACE revision 1.0.12
xsysace xsysace.0: capacity: 1019088 sectors
xsa: xsa1 xsa2
Xilinx SystemACE device driver, major=254
kjournald starting.  Commit interval 5 seconds
EXT3-fs warning: maximal mount count reached, running e2fsck is recommended
EXT3 FS on xsa2, internal journal
EXT3-fs: recovery complete.
EXT3-fs: mounted filesystem with ordered data mode.
VFS: Mounted root (ext3 filesystem).
Freeing unused kernel memory: 92k freed
init started: BusyBox v1.8.2 (2013-02-04 12:01:46 CET)
starting pid 15, tty '': '/etc/init.d/rcS'
mount: mounting tmpfs on /var/tmp failed: Invalid argument
ifconfig: socket: Function not implemented
ifconfig: socket: Function not implemented
route: socket: Function not implemented
route: socket: Function not implemented
starting pid 27, tty '': '/bin/sh'
/ # cd benchmarks/[J
/benchmarks # time ./run.sh
 
Running: Stanford
----------------------------------------
 
Starting
    Perm  Towers  Queens   Intmm      Mm  Puzzle   Quick  Bubble    Tree     FFT
 
      83     117      66      84     800     733      67     150     433    1167
 
 
Nonfloating point composite is        249
 
Floating point composite is       1000
real    0m 2.31s
user    0m 2.25s
sys     0m 0.01s
 
 
 
Running: Whetstone
----------------------------------------
 
 
##########################################
Single Precision C/C++ Whetstone Benchmark
 
Calibrate
      21.81 Seconds          1   Passes (x 100)
 
Use 4  passes (x 100)
 
          Single Precision C/C++ Whetstone Benchmark
 
Loop content                  Result              MFLOPS      MOPS   Seconds
 
N1 floating point     -1.12475013732910156         0.292              0.263
N2 floating point     -1.12274742126464844         0.273              1.970
N3 if then else        1.00000000000000000                   4.600    0.090
N4 fixed point        12.00000000000000000                   1.726    0.730
N5 sin,cos etc.        0.49911010265350342                   0.008   40.520
N6 floating point      0.99999982118606567         0.247              8.740
N7 assignments         3.00000000000000000                   2.385    0.310
N8 exp,sqrt etc.       0.75110864639282227                   0.004   34.280
 
MWIPS                                              0.460             86.903
 
 
##############################################
Whetstone Single  Precision Benchmark in C/C++
 
Date
Model
CPU
Clock MHz
Cache
H/W options
OS
Compiler
Options
Run by
From
Email
 
Loop content                   Result              MFLOPS      MOPS   Seconds
 
N1 floating point      -1.12475013732910156         0.292               0.263
N2 floating point      -1.12274742126464844         0.273               1.970
N3 if then else         1.00000000000000000                   4.600     0.090
  1.000
N4 fixed point         12.00000000000000000                   1.726     0.730
12.000
N5 sin,cos etc.         0.49911010265350342                   0.008    40.520
  0.499
N6 floating point       0.99999982118606567         0.247               8.740
N7 assignments          3.00000000000000000                   2.385     0.310
  3.000
N8 exp,sqrt etc.        0.75110864639282227                   0.004    34.280
  0.751
 
MWIPS                                               0.460              86.903
 
Results  to  load  to  spreadsheet                  MWIPS   Mflops1   Mflops2 Mflops3   Cosmops   Expmops  Fixpmops    Ifmops    Eqmops
Results  to  load  to  spreadsheet                  0.460     0.292     0.273 0.247     0.008     0.004     1.726     4.600     2.385
 
real    1m 52.10s
user    1m 51.66s
sys     0m 0.09s
 
 
 
Running: gmpbench multiply
----------------------------------------
 
Calibrating CPU speed...done
Multiplying 3000-bit number with 3000-bit number 10000 times...done!
RESULT: 913 operations per second
real    0m 12.07s
user    0m 11.53s
sys     0m 0.07s
 
 
 
Running: gmpbench divide
----------------------------------------
 
Calibrating CPU speed...done
Dividing an 1024-bit number by an 512-bit number 195048 times...done!
RESULT: 19141 operations per second
real    0m 11.59s
user    0m 11.04s
sys     0m 0.03s
 
 
 
Running: gmpbench RSA
----------------------------------------
 
Generating p, q, d...done; pq is 16 bits
Precomputing CRT constants
Generating random messages
Calibrating CPU speed...done
Signing random messages 52512 times...done!
RESULT: 5342 operations per second
real    0m 11.19s
user    0m 10.62s
sys     0m 0.06s
 
 
 
Running: division
----------------------------------------
 
q[0]=9381129
q[1]=7097133
q[2]=3650366
q[3]=9920271
q[4]=3322074
q[5]=5301082
q[6]=2628470
q[7]=11600796
q[8]=307313
q[9]=2249280
real    0m 7.53s
user    0m 7.50s
sys     0m 0.02s
 
 
 
Running: mibench JPEG 1st run
----------------------------------------
 
real    0m 27.15s
user    0m 24.02s
sys     0m 2.42s
 
 
 
Running: mibench JPEG 2ns run
----------------------------------------
 
real    0m 21.41s
user    0m 19.87s
sys     0m 1.54s
 
 
 
Running: SSD
----------------------------------------
 
Local computed running time: 5740 ms
 
real    0m 9.67s
user    0m 8.70s
sys     0m 0.14s
 
 
----------------------------------------
All the benchmarks are done.
 
Total execution time:
 
real    3m 37.09s
user    3m 27.98s
sys     0m 5.57s